<?xml version="1.0" encoding="UTF-8"?>
<testsuite name="com.moremore.springboot.web.IndexControllerTest" tests="1" skipped="0" failures="0" errors="0" timestamp="2022-04-30T16:19:26" hostname="DESKTOP-NICVAOT" time="0.209">
  <properties/>
  <testcase name="loadMainPage" classname="com.moremore.springboot.web.IndexControllerTest" time="0.209"/>
  <system-out><![CDATA[01:19:24.805 [Test worker] DEBUG org.springframework.test.context.junit4.SpringJUnit4ClassRunner - SpringJUnit4ClassRunner constructor called with [class com.moremore.springboot.web.IndexControllerTest]
01:19:24.809 [Test worker] DEBUG org.springframework.test.context.BootstrapUtils - Instantiating CacheAwareContextLoaderDelegate from class [org.springframework.test.context.cache.DefaultCacheAwareContextLoaderDelegate]
01:19:24.814 [Test worker] DEBUG org.springframework.test.context.BootstrapUtils - Instantiating BootstrapContext using constructor [public org.springframework.test.context.support.DefaultBootstrapContext(java.lang.Class,org.springframework.test.context.CacheAwareContextLoaderDelegate)]
01:19:24.824 [Test worker] DEBUG org.springframework.test.context.BootstrapUtils - Instantiating TestContextBootstrapper for test class [com.moremore.springboot.web.IndexControllerTest] from class [org.springframework.boot.test.context.SpringBootTestContextBootstrapper]
01:19:24.832 [Test worker] INFO org.springframework.boot.test.context.SpringBootTestContextBootstrapper - Neither @ContextConfiguration nor @ContextHierarchy found for test class [com.moremore.springboot.web.IndexControllerTest], using SpringBootContextLoader
01:19:24.834 [Test worker] DEBUG org.springframework.test.context.support.AbstractContextLoader - Did not detect default resource location for test class [com.moremore.springboot.web.IndexControllerTest]: class path resource [com/moremore/springboot/web/IndexControllerTest-context.xml] does not exist
01:19:24.834 [Test worker] DEBUG org.springframework.test.context.support.AbstractContextLoader - Did not detect default resource location for test class [com.moremore.springboot.web.IndexControllerTest]: class path resource [com/moremore/springboot/web/IndexControllerTestContext.groovy] does not exist
01:19:24.834 [Test worker] INFO org.springframework.test.context.support.AbstractContextLoader - Could not detect default resource locations for test class [com.moremore.springboot.web.IndexControllerTest]: no resource found for suffixes {-context.xml, Context.groovy}.
01:19:24.835 [Test worker] INFO org.springframework.test.context.support.AnnotationConfigContextLoaderUtils - Could not detect default configuration classes for test class [com.moremore.springboot.web.IndexControllerTest]: IndexControllerTest does not declare any static, non-private, non-final, nested classes annotated with @Configuration.
01:19:24.859 [Test worker] DEBUG org.springframework.test.context.support.ActiveProfilesUtils - Could not find an 'annotation declaring class' for annotation type [org.springframework.test.context.ActiveProfiles] and class [com.moremore.springboot.web.IndexControllerTest]
01:19:24.899 [Test worker] DEBUG org.springframework.context.annotation.ClassPathScanningCandidateComponentProvider - Identified candidate component class: file [D:\javaproject\moremore\build\classes\java\main\com\moremore\Application.class]
01:19:24.900 [Test worker] INFO org.springframework.boot.test.context.SpringBootTestContextBootstrapper - Found @SpringBootConfiguration com.moremore.Application for test class com.moremore.springboot.web.IndexControllerTest
01:19:24.958 [Test worker] DEBUG org.springframework.boot.test.context.SpringBootTestContextBootstrapper - @TestExecutionListeners is not present for class [com.moremore.springboot.web.IndexControllerTest]: using defaults.
01:19:24.958 [Test worker] INFO org.springframework.boot.test.context.SpringBootTestContextBootstrapper - Loaded default TestExecutionListener class names from location [META-INF/spring.factories]: [org.springframework.boot.test.autoconfigure.restdocs.RestDocsTestExecutionListener, org.springframework.boot.test.autoconfigure.web.client.MockRestServiceServerResetTestExecutionListener, org.springframework.boot.test.autoconfigure.web.servlet.MockMvcPrintOnlyOnFailureTestExecutionListener, org.springframework.boot.test.autoconfigure.web.servlet.WebDriverTestExecutionListener, org.springframework.boot.test.mock.mockito.MockitoTestExecutionListener, org.springframework.boot.test.mock.mockito.ResetMocksTestExecutionListener, org.springframework.test.context.web.ServletTestExecutionListener, org.springframework.test.context.support.DirtiesContextBeforeModesTestExecutionListener, org.springframework.test.context.support.DependencyInjectionTestExecutionListener, org.springframework.test.context.support.DirtiesContextTestExecutionListener, org.springframework.test.context.transaction.TransactionalTestExecutionListener, org.springframework.test.context.jdbc.SqlScriptsTestExecutionListener]
01:19:24.965 [Test worker] DEBUG org.springframework.boot.test.context.SpringBootTestContextBootstrapper - Skipping candidate TestExecutionListener [org.springframework.test.context.transaction.TransactionalTestExecutionListener] due to a missing dependency. Specify custom listener classes or make the default listener classes and their required dependencies available. Offending class: [org/springframework/transaction/interceptor/TransactionAttributeSource]
01:19:24.966 [Test worker] DEBUG org.springframework.boot.test.context.SpringBootTestContextBootstrapper - Skipping candidate TestExecutionListener [org.springframework.test.context.jdbc.SqlScriptsTestExecutionListener] due to a missing dependency. Specify custom listener classes or make the default listener classes and their required dependencies available. Offending class: [org/springframework/transaction/interceptor/TransactionAttribute]
01:19:24.966 [Test worker] INFO org.springframework.boot.test.context.SpringBootTestContextBootstrapper - Using TestExecutionListeners: [org.springframework.test.context.web.ServletTestExecutionListener@47cb731e, org.springframework.test.context.support.DirtiesContextBeforeModesTestExecutionListener@aa48d6c, org.springframework.boot.test.mock.mockito.MockitoTestExecutionListener@3a926b9c, org.springframework.boot.test.autoconfigure.SpringBootDependencyInjectionTestExecutionListener@2cd83640, org.springframework.test.context.support.DirtiesContextTestExecutionListener@3097f346, org.springframework.boot.test.autoconfigure.restdocs.RestDocsTestExecutionListener@1ef6c7d5, org.springframework.boot.test.autoconfigure.web.client.MockRestServiceServerResetTestExecutionListener@3791811c, org.springframework.boot.test.autoconfigure.web.servlet.MockMvcPrintOnlyOnFailureTestExecutionListener@5a96cb98, org.springframework.boot.test.autoconfigure.web.servlet.WebDriverTestExecutionListener@55941e4f, org.springframework.boot.test.mock.mockito.ResetMocksTestExecutionListener@7df4a347]
01:19:24.968 [Test worker] DEBUG org.springframework.test.annotation.ProfileValueUtils - Retrieved @ProfileValueSourceConfiguration [null] for test class [com.moremore.springboot.web.IndexControllerTest]
01:19:24.968 [Test worker] DEBUG org.springframework.test.annotation.ProfileValueUtils - Retrieved ProfileValueSource type [class org.springframework.test.annotation.SystemProfileValueSource] for class [com.moremore.springboot.web.IndexControllerTest]
01:19:24.970 [Test worker] DEBUG org.springframework.test.annotation.ProfileValueUtils - Retrieved @ProfileValueSourceConfiguration [null] for test class [com.moremore.springboot.web.IndexControllerTest]
01:19:24.970 [Test worker] DEBUG org.springframework.test.annotation.ProfileValueUtils - Retrieved ProfileValueSource type [class org.springframework.test.annotation.SystemProfileValueSource] for class [com.moremore.springboot.web.IndexControllerTest]
01:19:24.971 [Test worker] DEBUG org.springframework.test.annotation.ProfileValueUtils - Retrieved @ProfileValueSourceConfiguration [null] for test class [com.moremore.springboot.web.IndexControllerTest]
01:19:24.971 [Test worker] DEBUG org.springframework.test.annotation.ProfileValueUtils - Retrieved ProfileValueSource type [class org.springframework.test.annotation.SystemProfileValueSource] for class [com.moremore.springboot.web.IndexControllerTest]
01:19:24.973 [Test worker] DEBUG org.springframework.test.context.support.AbstractDirtiesContextTestExecutionListener - Before test class: context [DefaultTestContext@29a8b002 testClass = IndexControllerTest, testInstance = [null], testMethod = [null], testException = [null], mergedContextConfiguration = [WebMergedContextConfiguration@4f56df7b testClass = IndexControllerTest, locations = '{}', classes = '{class com.moremore.Application}', contextInitializerClasses = '[]', activeProfiles = '{}', propertySourceLocations = '{}', propertySourceProperties = '{org.springframework.boot.test.context.SpringBootTestContextBootstrapper=true, server.port=0}', contextCustomizers = set[org.springframework.boot.test.autoconfigure.properties.PropertyMappingContextCustomizer@0, org.springframework.boot.test.autoconfigure.web.servlet.WebDriverContextCustomizerFactory$Customizer@17bb7a8a, org.springframework.boot.test.context.filter.ExcludeFilterContextCustomizer@45f454d6, org.springframework.boot.test.json.DuplicateJsonObjectContextCustomizerFactory$DuplicateJsonObjectContextCustomizer@731f33cd, org.springframework.boot.test.mock.mockito.MockitoContextCustomizer@0, org.springframework.boot.test.web.client.TestRestTemplateContextCustomizer@49857bfc], resourceBasePath = 'src/main/webapp', contextLoader = 'org.springframework.boot.test.context.SpringBootContextLoader', parent = [null]], attributes = map['org.springframework.test.context.web.ServletTestExecutionListener.activateListener' -> false]], class annotated with @DirtiesContext [false] with mode [null].
01:19:24.973 [Test worker] DEBUG org.springframework.test.annotation.ProfileValueUtils - Retrieved @ProfileValueSourceConfiguration [null] for test class [com.moremore.springboot.web.IndexControllerTest]
01:19:24.974 [Test worker] DEBUG org.springframework.test.annotation.ProfileValueUtils - Retrieved ProfileValueSource type [class org.springframework.test.annotation.SystemProfileValueSource] for class [com.moremore.springboot.web.IndexControllerTest]
01:19:24.976 [Test worker] DEBUG org.springframework.test.context.support.DependencyInjectionTestExecutionListener - Performing dependency injection for test context [[DefaultTestContext@29a8b002 testClass = IndexControllerTest, testInstance = com.moremore.springboot.web.IndexControllerTest@55e29c2b, testMethod = [null], testException = [null], mergedContextConfiguration = [WebMergedContextConfiguration@4f56df7b testClass = IndexControllerTest, locations = '{}', classes = '{class com.moremore.Application}', contextInitializerClasses = '[]', activeProfiles = '{}', propertySourceLocations = '{}', propertySourceProperties = '{org.springframework.boot.test.context.SpringBootTestContextBootstrapper=true, server.port=0}', contextCustomizers = set[org.springframework.boot.test.autoconfigure.properties.PropertyMappingContextCustomizer@0, org.springframework.boot.test.autoconfigure.web.servlet.WebDriverContextCustomizerFactory$Customizer@17bb7a8a, org.springframework.boot.test.context.filter.ExcludeFilterContextCustomizer@45f454d6, org.springframework.boot.test.json.DuplicateJsonObjectContextCustomizerFactory$DuplicateJsonObjectContextCustomizer@731f33cd, org.springframework.boot.test.mock.mockito.MockitoContextCustomizer@0, org.springframework.boot.test.web.client.TestRestTemplateContextCustomizer@49857bfc], resourceBasePath = 'src/main/webapp', contextLoader = 'org.springframework.boot.test.context.SpringBootContextLoader', parent = [null]], attributes = map['org.springframework.test.context.web.ServletTestExecutionListener.activateListener' -> false]]].
01:19:24.988 [Test worker] DEBUG org.springframework.test.context.support.TestPropertySourceUtils - Adding inlined properties to environment: {spring.jmx.enabled=false, org.springframework.boot.test.context.SpringBootTestContextBootstrapper=true, server.port=0}

  .   ____          _            __ _ _
 /\\ / ___'_ __ _ _(_)_ __  __ _ \ \ \ \
( ( )\___ | '_ | '_| | '_ \/ _` | \ \ \ \
 \\/  ___)| |_)| | | | | || (_| |  ) ) ) )
  '  |____| .__|_| |_|_| |_\__, | / / / /
 =========|_|==============|___/=/_/_/_/
 :: Spring Boot ::        (v2.1.9.RELEASE)

2022-05-01 01:19:25.128  INFO 660 --- [    Test worker] c.m.springboot.web.IndexControllerTest   : Starting IndexControllerTest on DESKTOP-NICVAOT with PID 660 (started by HUNI in D:\javaproject\moremore)
2022-05-01 01:19:25.129  INFO 660 --- [    Test worker] c.m.springboot.web.IndexControllerTest   : No active profile set, falling back to default profiles: default
2022-05-01 01:19:25.752  INFO 660 --- [    Test worker] o.s.b.w.embedded.tomcat.TomcatWebServer  : Tomcat initialized with port(s): 0 (http)
2022-05-01 01:19:25.769  INFO 660 --- [    Test worker] o.apache.catalina.core.StandardService   : Starting service [Tomcat]
2022-05-01 01:19:25.769  INFO 660 --- [    Test worker] org.apache.catalina.core.StandardEngine  : Starting Servlet engine: [Apache Tomcat/9.0.26]
2022-05-01 01:19:25.847  INFO 660 --- [    Test worker] o.a.c.c.C.[Tomcat].[localhost].[/]       : Initializing Spring embedded WebApplicationContext
2022-05-01 01:19:25.847  INFO 660 --- [    Test worker] o.s.web.context.ContextLoader            : Root WebApplicationContext: initialization completed in 706 ms
2022-05-01 01:19:26.118  INFO 660 --- [    Test worker] o.s.s.concurrent.ThreadPoolTaskExecutor  : Initializing ExecutorService 'applicationTaskExecutor'
2022-05-01 01:19:26.174  INFO 660 --- [    Test worker] o.s.b.a.w.s.WelcomePageHandlerMapping    : Adding welcome page template: index
2022-05-01 01:19:26.291  INFO 660 --- [    Test worker] o.s.b.w.embedded.tomcat.TomcatWebServer  : Tomcat started on port(s): 65393 (http) with context path ''
2022-05-01 01:19:26.293  INFO 660 --- [    Test worker] c.m.springboot.web.IndexControllerTest   : Started IndexControllerTest in 1.305 seconds (JVM running for 2.308)
2022-05-01 01:19:26.438  INFO 660 --- [o-auto-1-exec-1] o.a.c.c.C.[Tomcat].[localhost].[/]       : Initializing Spring DispatcherServlet 'dispatcherServlet'
2022-05-01 01:19:26.438  INFO 660 --- [o-auto-1-exec-1] o.s.web.servlet.DispatcherServlet        : Initializing Servlet 'dispatcherServlet'
2022-05-01 01:19:26.450  INFO 660 --- [o-auto-1-exec-1] o.s.web.servlet.DispatcherServlet        : Completed initialization in 12 ms
]]></system-out>
  <system-err><![CDATA[]]></system-err>
</testsuite>
